100
1 2
1.02021 1.92933
1.04048 1.85888
1.06086 1.78888
1.0814 1.71955
1.10217 1.6511
1.12322 1.58377
1.1446 1.51778
1.16637 1.45334
1.18858 1.39068
1.2113 1.33003
1.23457 1.2716
1.25845 1.21563
1.283 1.16232
1.30828 1.11191
1.33434 1.06461
1.36122 1.02066
1.389 0.980262
1.41773 0.943651
1.44746 0.911048
1.47824 0.882674
1.51014 0.858753
1.54321 0.839506
1.5775 0.825157
1.61307 0.815928
1.64998 0.812041
1.68828 0.81372
1.72802 0.821187
1.76927 0.834664
1.81208 0.854375
1.8565 0.880541
1.90259 0.913385
1.9504 0.953131
2 1
2.0514 1.0541
2.10453 1.11511
2.15928 1.18257
2.21553 1.25604
2.27316 1.33508
2.33208 1.41923
2.39217 1.50807
2.45331 1.60113
2.5154 1.69797
2.57833 1.79816
2.64198 1.90123
2.70624 2.00676
2.771 2.11429
2.83615 2.22338
2.90158 2.33358
2.96717 2.44445
3.03283 2.55555
3.09842 2.66642
3.16385 2.77662
3.229 2.88571
3.29376 2.99324
3.35802 3.09877
3.42167 3.20184
3.4846 3.30203
3.54669 3.39887
3.60783 3.49193
3.66792 3.58077
3.72684 3.66492
3.78447 3.74396
3.84072 3.81743
3.89547 3.88489
3.9486 3.9459
4 4
4.0496 4.04687
4.09741 4.08661
4.1435 4.11946
4.18792 4.14563
4.23073 4.16534
4.27198 4.17881
4.31172 4.18628
4.35002 4.18796
4.38693 4.18407
4.4225 4.17484
4.45679 4.16049
4.48986 4.14125
4.52176 4.11733
4.55254 4.08895
4.58227 4.05635
4.611 4.01974
4.63878 3.97934
4.66566 3.93539
4.69172 3.88809
4.717 3.83768
4.74155 3.78437
4.76543 3.7284
4.7887 3.66997
4.81142 3.60932
4.83363 3.54666
4.8554 3.48222
4.87678 3.41623
4.89783 3.3489
4.9186 3.28045
4.93914 3.21112
4.95952 3.14112
4.97979 3.07067
5 3

4 4

1 2
1.03595 1.94144
1.07188 1.88304
1.10774 1.82494
1.14351 1.76732
1.17915 1.71032
1.21464 1.65409
1.24994 1.59881
1.28502 1.54461
1.31985 1.49166
1.3544 1.44011
1.38864 1.39012
1.42254 1.34185
1.45606 1.29544
1.48918 1.25106
1.52186 1.20887
1.55408 1.16901
1.58579 1.13164
1.61698 1.09692
1.6476 1.06501
1.67764 1.03605
1.70705 1.01022
1.7358 0.987654
1.76387 0.968519
1.79122 0.952968
1.81783 0.941156
1.84365 0.933241
1.86867 0.929376
1.89284 0.92972
1.91615 0.934426
1.93854 0.943651
1.96 0.957552
1.9805 0.976283
2 1
2.01849 1.02879
2.03606 1.06244
2.05282 1.10068
2.06886 1.14322
2.0843 1.1898
2.09923 1.24012
2.11378 1.29392
2.12803 1.35091
2.1421 1.41082
2.1561 1.47337
2.17012 1.53827
2.18428 1.60526
2.19868 1.67405
2.21343 1.74437
2.22863 1.81593
2.24438 1.88846
2.2608 1.96168
2.27799 2.03531
2.29605 2.10908
2.31509 2.1827
2.33522 2.2559
2.35654 2.3284
2.37916 2.39991
2.40319 2.47017
2.42872 2.5389
2.45587 2.60581
2.48473 2.67062
2.51543 2.73307
2.54805 2.79287
2.58272 2.84974
2.61953 2.9034
2.65859 2.95358
2.7 3
2.74384 3.04244
2.79008 3.08097
2.83862 3.1157
2.8894 3.14676
2.94234 3.17427
2.99737 3.19835
3.05441 3.21912
3.1134 3.23671
3.17424 3.25124
3.23688 3.26283
3.30123 3.2716
3.36723 3.27769
3.43479 3.2812
3.50384 3.28226
3.57431 3.28099
3.64611 3.27752
3.71919 3.27197
3.79346 3.26446
3.86885 3.25512
3.94529 3.24406
4.02269 3.2314
4.10099 3.21728
4.18011 3.20182
4.25997 3.18512
4.34051 3.16733
4.42164 3.14856
4.50329 3.12893
4.58539 3.10856
4.66787 3.08758
4.75064 3.06612
4.83363 3.04428
4.91678 3.0222
5 3
