100
1 2
1.02021 1.92933
1.04048 1.85888
1.06086 1.78888
1.0814 1.71955
1.10217 1.6511
1.12322 1.58377
1.1446 1.51778
1.16637 1.45334
1.18858 1.39068
1.2113 1.33003
1.23457 1.2716
1.25845 1.21563
1.283 1.16232
1.30828 1.11191
1.33434 1.06461
1.36122 1.02066
1.389 0.980262
1.41773 0.943651
1.44746 0.911048
1.47824 0.882674
1.51014 0.858753
1.54321 0.839506
1.5775 0.825157
1.61307 0.815928
1.64998 0.812041
1.68828 0.81372
1.72802 0.821187
1.76927 0.834664
1.81208 0.854375
1.8565 0.880541
1.90259 0.913385
1.9504 0.953131
2 1
2.0514 1.0541
2.10453 1.11511
2.15928 1.18257
2.21553 1.25604
2.27316 1.33508
2.33208 1.41923
2.39217 1.50807
2.45331 1.60113
2.5154 1.69797
2.57833 1.79816
2.64198 1.90123
2.70624 2.00676
2.771 2.11429
2.83615 2.22338
2.90158 2.33358
2.96717 2.44445
3.03283 2.55555
3.09842 2.66642
3.16385 2.77662
3.229 2.88571
3.29376 2.99324
3.35802 3.09877
3.42167 3.20184
3.4846 3.30203
3.54669 3.39887
3.60783 3.49193
3.66792 3.58077
3.72684 3.66492
3.78447 3.74396
3.84072 3.81743
3.89547 3.88489
3.9486 3.9459
4 4
4.0496 4.04687
4.09741 4.08661
4.1435 4.11946
4.18792 4.14563
4.23073 4.16534
4.27198 4.17881
4.31172 4.18628
4.35002 4.18796
4.38693 4.18407
4.4225 4.17484
4.45679 4.16049
4.48986 4.14125
4.52176 4.11733
4.55254 4.08895
4.58227 4.05635
4.611 4.01974
4.63878 3.97934
4.66566 3.93539
4.69172 3.88809
4.717 3.83768
4.74155 3.78437
4.76543 3.7284
4.7887 3.66997
4.81142 3.60932
4.83363 3.54666
4.8554 3.48222
4.87678 3.41623
4.89783 3.3489
4.9186 3.28045
4.93914 3.21112
4.95952 3.14112
4.97979 3.07067
5 3

3 2.5

1 2
1.03012 1.91282
1.06024 1.82595
1.09036 1.7397
1.12049 1.6544
1.15062 1.57036
1.18075 1.48788
1.21089 1.40728
1.24104 1.32888
1.2712 1.25299
1.30136 1.17992
1.33154 1.10999
1.36172 1.04351
1.39192 0.980791
1.42213 0.922152
1.45236 0.867905
1.4826 0.818363
1.51286 0.77384
1.54313 0.734649
1.57342 0.701105
1.60374 0.67352
1.63407 0.65221
1.66442 0.637486
1.6948 0.629663
1.7252 0.629055
1.75562 0.635976
1.78607 0.650738
1.81654 0.673656
1.84704 0.705044
1.87757 0.745214
1.90813 0.794481
1.93872 0.853159
1.96935 0.921561
2 1
2.03073 1.08856
2.06174 1.18643
2.0933 1.29253
2.12565 1.40584
2.15904 1.52528
2.19373 1.64982
2.22997 1.77839
2.26802 1.90995
2.30812 2.04344
2.35053 2.17781
2.39551 2.31201
2.4433 2.44498
2.49416 2.57568
2.54835 2.70305
2.60611 2.82604
2.66769 2.94359
2.73334 3.05468
2.80295 3.15887
2.87605 3.25629
2.95217 3.3471
3.03083 3.43146
3.11156 3.50954
3.19388 3.5815
3.27732 3.6475
3.36139 3.7077
3.44564 3.76226
3.52957 3.81135
3.61271 3.85513
3.6946 3.89376
3.77474 3.9274
3.85268 3.95621
3.92792 3.98036
4 4
4.06854 4.0153
4.13355 4.02639
4.19514 4.0334
4.25342 4.03646
4.3085 4.03571
4.36049 4.03128
4.40951 4.0233
4.45566 4.01189
4.49905 3.9972
4.53979 3.97935
4.578 3.95847
4.61378 3.9347
4.64725 3.90817
4.67851 3.87901
4.70767 3.84735
4.73485 3.81332
4.76015 3.77705
4.78369 3.73868
4.80557 3.69833
4.82591 3.65615
4.84482 3.61225
4.8624 3.56678
4.87877 3.51986
4.89404 3.47162
4.90831 3.4222
4.9217 3.37173
4.93432 3.32033
4.94628 3.26815
4.95768 3.21531
4.96865 3.16194
4.97928 3.10818
4.9897 3.05416
5 3
