100
1 2
1.02021 1.92933
1.04048 1.85888
1.06086 1.78888
1.0814 1.71955
1.10217 1.6511
1.12322 1.58377
1.1446 1.51778
1.16637 1.45334
1.18858 1.39068
1.2113 1.33003
1.23457 1.2716
1.25845 1.21563
1.283 1.16232
1.30828 1.11191
1.33434 1.06461
1.36122 1.02066
1.389 0.980262
1.41773 0.943651
1.44746 0.911048
1.47824 0.882674
1.51014 0.858753
1.54321 0.839506
1.5775 0.825157
1.61307 0.815928
1.64998 0.812041
1.68828 0.81372
1.72802 0.821187
1.76927 0.834664
1.81208 0.854375
1.8565 0.880541
1.90259 0.913385
1.9504 0.953131
2 1
2.0514 1.0541
2.10453 1.11511
2.15928 1.18257
2.21553 1.25604
2.27316 1.33508
2.33208 1.41923
2.39217 1.50807
2.45331 1.60113
2.5154 1.69797
2.57833 1.79816
2.64198 1.90123
2.70624 2.00676
2.771 2.11429
2.83615 2.22338
2.90158 2.33358
2.96717 2.44445
3.03283 2.55555
3.09842 2.66642
3.16385 2.77662
3.229 2.88571
3.29376 2.99324
3.35802 3.09877
3.42167 3.20184
3.4846 3.30203
3.54669 3.39887
3.60783 3.49193
3.66792 3.58077
3.72684 3.66492
3.78447 3.74396
3.84072 3.81743
3.89547 3.88489
3.9486 3.9459
4 4
4.0496 4.04687
4.09741 4.08661
4.1435 4.11946
4.18792 4.14563
4.23073 4.16534
4.27198 4.17881
4.31172 4.18628
4.35002 4.18796
4.38693 4.18407
4.4225 4.17484
4.45679 4.16049
4.48986 4.14125
4.52176 4.11733
4.55254 4.08895
4.58227 4.05635
4.611 4.01974
4.63878 3.97934
4.66566 3.93539
4.69172 3.88809
4.717 3.83768
4.74155 3.78437
4.76543 3.7284
4.7887 3.66997
4.81142 3.60932
4.83363 3.54666
4.8554 3.48222
4.87678 3.41623
4.89783 3.3489
4.9186 3.28045
4.93914 3.21112
4.95952 3.14112
4.97979 3.07067
5 3

2.64725 1.90985

1 2
1.01786 1.88082
1.0358 1.76213
1.05387 1.64442
1.07214 1.52819
1.09069 1.41391
1.10959 1.30208
1.12889 1.19319
1.14868 1.08774
1.16901 0.986205
1.18996 0.889082
1.2116 0.79686
1.23399 0.710029
1.2572 0.62908
1.28131 0.554502
1.30638 0.486787
1.33247 0.426423
1.35967 0.373901
1.38803 0.329711
1.41762 0.294343
1.44852 0.268288
1.48079 0.252035
1.5145 0.246075
1.54972 0.250897
1.58651 0.266993
1.62496 0.294851
1.66511 0.334963
1.70706 0.387817
1.75085 0.453905
1.79656 0.533717
1.84427 0.627742
1.89403 0.736471
1.94592 0.860393
2 1
2.0563 1.15524
2.11464 1.32387
2.17479 1.50314
2.23653 1.69026
2.29965 1.88246
2.36391 2.07696
2.42908 2.27101
2.49496 2.46181
2.5613 2.6466
2.62789 2.8226
2.69451 2.98704
2.76095 3.13759
2.82712 3.27413
2.89295 3.39727
2.95838 3.50763
3.02337 3.60581
3.08783 3.69241
3.15172 3.76805
3.21498 3.83333
3.27754 3.88886
3.33934 3.93524
3.40033 3.9731
3.46044 4.00302
3.51961 4.02563
3.57778 4.04152
3.6349 4.05132
3.69089 4.05561
3.74571 4.05502
3.79929 4.05014
3.85157 4.0416
3.90249 4.02999
3.95198 4.01592
4 4
4.04649 3.98274
4.09149 3.96428
4.13504 3.94466
4.17719 3.9239
4.21799 3.90205
4.25748 3.87915
4.2957 3.85524
4.33272 3.83034
4.36856 3.8045
4.40329 3.77776
4.43694 3.75016
4.46956 3.72172
4.5012 3.6925
4.53191 3.66252
4.56173 3.63183
4.59071 3.60046
4.61889 3.56845
4.64633 3.53584
4.67307 3.50267
4.69916 3.46896
4.72463 3.43477
4.74955 3.40013
4.77395 3.36507
4.79789 3.32963
4.8214 3.29386
4.84455 3.25779
4.86736 3.22145
4.88989 3.18489
4.9122 3.14814
4.93431 3.11123
4.95628 3.07422
4.97817 3.03713
5 3
